<?xml version="1.0" encoding="UTF-8"?>
<testng-results skipped="0" failed="0" ignored="0" total="2" passed="2">
  <reporter-output>
  </reporter-output>
  <suite name="Default suite" duration-ms="22508" started-at="2021-03-27T05:39:24Z" finished-at="2021-03-27T05:39:47Z">
    <groups>
    </groups>
    <test name="Default test" duration-ms="22508" started-at="2021-03-27T05:39:24Z" finished-at="2021-03-27T05:39:47Z">
      <class name="com.tests.LoginTest">
        <test-method status="PASS" signature="setUp()[pri:0, instance:com.tests.LoginTest@39aeed2f]" name="setUp" is-config="true" duration-ms="55377" started-at="2021-03-27T05:38:29Z" finished-at="2021-03-27T05:39:24Z">
          <reporter-output>
          </reporter-output>
        </test-method> <!-- setUp -->
        <test-method status="PASS" signature="loginTestCase()[pri:1, instance:com.tests.LoginTest@39aeed2f]" name="loginTestCase" duration-ms="18859" started-at="2021-03-27T05:39:25Z" finished-at="2021-03-27T05:39:43Z">
          <reporter-output>
          </reporter-output>
        </test-method> <!-- loginTestCase -->
        <test-method status="PASS" signature="registerTest()[pri:2, instance:com.tests.LoginTest@39aeed2f]" name="registerTest" duration-ms="3295" started-at="2021-03-27T05:39:43Z" finished-at="2021-03-27T05:39:47Z">
          <reporter-output>
          </reporter-output>
        </test-method> <!-- registerTest -->
      </class> <!-- com.tests.LoginTest -->
    </test> <!-- Default test -->
  </suite> <!-- Default suite -->
</testng-results>
